[INFO] Scanning for projects...
[INFO] ------------------------------------------------------------------------
[INFO] Detecting the operating system and CPU architecture
[INFO] ------------------------------------------------------------------------
[INFO] os.detected.name: osx
[INFO] os.detected.arch: x86_64
[INFO] os.detected.version: 14.4
[INFO] os.detected.version.major: 14
[INFO] os.detected.version.minor: 4
[INFO] os.detected.classifier: osx-x86_64
[INFO] 
[INFO] ------< io.helidon.examples.todos:helidon-examples-todo-backend >-------
[INFO] Building Helidon Examples TODO Demo Backend 1.0.0-SNAPSHOT
[INFO]   from pom.xml
[INFO] --------------------------------[ jar ]---------------------------------
[INFO] 
[INFO] --- dependency:3.6.0:tree (default-cli) @ helidon-examples-todo-backend ---
[INFO] io.helidon.examples.todos:helidon-examples-todo-backend:jar:1.0.0-SNAPSHOT
[INFO] +- io.helidon.microprofile.bundles:helidon-microprofile-core:jar:2.6.8-SNAPSHOT:compile
[INFO] |  +- io.helidon.microprofile.server:helidon-microprofile-server:jar:2.6.8-SNAPSHOT:compile
[INFO] |  |  +- io.helidon.webserver:helidon-webserver:jar:2.6.8-SNAPSHOT:compile
[INFO] |  |  |  +- io.helidon.media:helidon-media-common:jar:2.6.8-SNAPSHOT:compile
[INFO] |  |  |  +- io.helidon.logging:helidon-logging-common:jar:2.6.8-SNAPSHOT:compile
[INFO] |  |  |  +- io.netty:netty-codec-http:jar:4.1.108.Final:compile
[INFO] |  |  |  \- io.netty:netty-codec-http2:jar:4.1.108.Final:compile
[INFO] |  |  +- io.helidon.webserver:helidon-webserver-static-content:jar:2.6.8-SNAPSHOT:compile
[INFO] |  |  +- io.helidon.webserver:helidon-webserver-jersey:jar:2.6.8-SNAPSHOT:compile
[INFO] |  |  |  \- io.helidon.jersey:helidon-jersey-server:jar:2.6.8-SNAPSHOT:compile
[INFO] |  |  |     \- org.glassfish.jersey.core:jersey-server:jar:2.41:compile
[INFO] |  |  |        \- jakarta.validation:jakarta.validation-api:jar:2.0.2:compile
[INFO] |  |  +- io.helidon.common:helidon-common-service-loader:jar:2.6.8-SNAPSHOT:compile
[INFO] |  |  +- jakarta.interceptor:jakarta.interceptor-api:jar:1.2.5:compile
[INFO] |  |  +- jakarta.enterprise:jakarta.enterprise.cdi-api:jar:2.0.2:compile
[INFO] |  |  |  \- jakarta.el:jakarta.el-api:jar:3.0.3:compile
[INFO] |  |  +- org.glassfish:jakarta.json:jar:1.1.6:compile
[INFO] |  |  +- io.helidon.media:helidon-media-jsonp:jar:2.6.8-SNAPSHOT:compile
[INFO] |  |  +- io.helidon.config:helidon-config-yaml:jar:2.6.8-SNAPSHOT:compile
[INFO] |  |  +- org.glassfish.jersey.ext.cdi:jersey-weld2-se:jar:2.41:runtime
[INFO] |  |  |  +- org.glassfish.jersey.ext.cdi:jersey-cdi1x:jar:2.41:runtime
[INFO] |  |  |  \- jakarta.ws.rs:jakarta.ws.rs-api:jar:2.1.6:compile
[INFO] |  |  \- io.helidon.jersey:helidon-jersey-media-jsonp:jar:2.6.8-SNAPSHOT:compile
[INFO] |  |     \- org.glassfish.jersey.media:jersey-media-json-processing:jar:2.41:compile
[INFO] |  |        \- org.glassfish:jsonp-jaxrs:jar:1.1.6:compile
[INFO] |  \- io.helidon.microprofile.config:helidon-microprofile-config:jar:2.6.8-SNAPSHOT:compile
[INFO] |     +- io.helidon.config:helidon-config-mp:jar:2.6.8-SNAPSHOT:compile
[INFO] |     +- io.helidon.config:helidon-config-encryption:jar:2.6.8-SNAPSHOT:compile
[INFO] |     |  \- io.helidon.common:helidon-common-crypto:jar:2.6.8-SNAPSHOT:compile
[INFO] |     \- io.helidon.config:helidon-config-object-mapping:jar:2.6.8-SNAPSHOT:runtime
[INFO] +- io.helidon.microprofile:helidon-microprofile-security:jar:2.6.8-SNAPSHOT:compile
[INFO] |  +- io.helidon.microprofile.cdi:helidon-microprofile-cdi:jar:2.6.8-SNAPSHOT:compile
[INFO] |  |  +- io.helidon.microprofile.weld:weld-se-core:jar:2.6.8-SNAPSHOT:compile
[INFO] |  |  |  +- io.helidon.microprofile.weld:weld-core-impl:jar:2.6.8-SNAPSHOT:compile
[INFO] |  |  |  +- org.jboss.weld.environment:weld-environment-common:jar:3.1.9.Final:compile
[INFO] |  |  |  +- org.jboss.weld:weld-api:jar:3.1.SP4:compile
[INFO] |  |  |  +- org.jboss.weld:weld-spi:jar:3.1.SP4:compile
[INFO] |  |  |  +- org.jboss.logging:jboss-logging:jar:3.5.3.Final:compile
[INFO] |  |  |  \- org.jboss.classfilewriter:jboss-classfilewriter:jar:1.2.5.Final:compile
[INFO] |  |  +- org.eclipse.microprofile.config:microprofile-config-api:jar:1.4:compile
[INFO] |  |  \- io.helidon.common:helidon-common-context:jar:2.6.8-SNAPSHOT:compile
[INFO] |  +- io.helidon.bundles:helidon-bundles-security:jar:2.6.8-SNAPSHOT:compile
[INFO] |  |  +- io.helidon.security:helidon-security-annotations:jar:2.6.8-SNAPSHOT:compile
[INFO] |  |  +- io.helidon.security.providers:helidon-security-providers-header:jar:2.6.8-SNAPSHOT:compile
[INFO] |  |  +- io.helidon.security.providers:helidon-security-providers-http-auth:jar:2.6.8-SNAPSHOT:compile
[INFO] |  |  +- io.helidon.security.providers:helidon-security-providers-jwt:jar:2.6.8-SNAPSHOT:compile
[INFO] |  |  |  \- io.helidon.security:helidon-security-jwt:jar:2.6.8-SNAPSHOT:compile
[INFO] |  |  +- io.helidon.security.providers:helidon-security-providers-oidc:jar:2.6.8-SNAPSHOT:compile
[INFO] |  |  |  +- io.helidon.security.providers:helidon-security-providers-oidc-common:jar:2.6.8-SNAPSHOT:compile
[INFO] |  |  |  |  +- io.helidon.webclient:helidon-webclient-security:jar:2.6.8-SNAPSHOT:compile
[INFO] |  |  |  |  \- io.helidon.webclient:helidon-webclient-tracing:jar:2.6.8-SNAPSHOT:compile
[INFO] |  |  |  +- io.helidon.webserver:helidon-webserver-cors:jar:2.6.8-SNAPSHOT:compile
[INFO] |  |  |  \- io.helidon.webclient:helidon-webclient:jar:2.6.8-SNAPSHOT:compile
[INFO] |  |  |     +- io.netty:netty-handler-proxy:jar:4.1.108.Final:compile
[INFO] |  |  |     |  \- io.netty:netty-codec-socks:jar:4.1.108.Final:compile
[INFO] |  |  |     \- io.netty:netty-resolver-dns:jar:4.1.108.Final:compile
[INFO] |  |  |        \- io.netty:netty-codec-dns:jar:4.1.108.Final:compile
[INFO] |  |  +- io.helidon.security.abac:helidon-security-abac-time:jar:2.6.8-SNAPSHOT:compile
[INFO] |  |  +- io.helidon.security.abac:helidon-security-abac-role:jar:2.6.8-SNAPSHOT:compile
[INFO] |  |  +- io.helidon.security.abac:helidon-security-abac-scope:jar:2.6.8-SNAPSHOT:compile
[INFO] |  |  \- io.helidon.security.abac:helidon-security-abac-policy:jar:2.6.8-SNAPSHOT:compile
[INFO] |  +- io.helidon.security.integration:helidon-security-integration-jersey:jar:2.6.8-SNAPSHOT:compile
[INFO] |  |  +- io.helidon.security.integration:helidon-security-integration-common:jar:2.6.8-SNAPSHOT:compile
[INFO] |  |  +- io.helidon.tracing:helidon-tracing-config:jar:2.6.8-SNAPSHOT:compile
[INFO] |  |  \- io.helidon.webclient:helidon-webclient-jaxrs:jar:2.6.8-SNAPSHOT:compile
[INFO] |  +- io.helidon.security.integration:helidon-security-integration-webserver:jar:2.6.8-SNAPSHOT:compile
[INFO] |  \- io.helidon.security.integration:helidon-security-integration-jersey-client:jar:2.6.8-SNAPSHOT:runtime
[INFO] +- io.helidon.security.providers:helidon-security-providers-google-login:jar:2.6.8-SNAPSHOT:compile
[INFO] |  +- io.helidon.security.providers:helidon-security-providers-common:jar:2.6.8-SNAPSHOT:compile
[INFO] |  +- io.helidon.security:helidon-security-util:jar:2.6.8-SNAPSHOT:compile
[INFO] |  \- com.google.api-client:google-api-client:jar:1.34.1:compile
[INFO] |     +- com.google.oauth-client:google-oauth-client:jar:1.33.3:compile
[INFO] |     +- com.google.http-client:google-http-client-gson:jar:1.41.8:compile
[INFO] |     |  \- com.google.code.gson:gson:jar:2.9.0:compile
[INFO] |     +- com.google.http-client:google-http-client-apache-v2:jar:1.41.8:compile
[INFO] |     +- org.apache.httpcomponents:httpcore:jar:4.4.15:compile
[INFO] |     \- com.google.http-client:google-http-client:jar:1.41.8:compile
[INFO] |        +- io.opencensus:opencensus-api:jar:0.31.0:compile
[INFO] |        |  \- io.grpc:grpc-context:jar:1.60.0:compile
[INFO] |        |     \- io.grpc:grpc-api:jar:1.60.0:runtime
[INFO] |        \- io.opencensus:opencensus-contrib-http-util:jar:0.31.0:compile
[INFO] +- io.helidon.security.providers:helidon-security-providers-http-sign:jar:2.6.8-SNAPSHOT:compile
[INFO] |  \- io.helidon.common:helidon-common-key-util:jar:2.6.8-SNAPSHOT:compile
[INFO] |     \- io.helidon.common:helidon-common-configurable:jar:2.6.8-SNAPSHOT:compile
[INFO] +- io.helidon.security.providers:helidon-security-providers-abac:jar:2.6.8-SNAPSHOT:compile
[INFO] |  \- io.helidon.security:helidon-security:jar:2.6.8-SNAPSHOT:compile
[INFO] |     +- io.helidon.common:helidon-common-http:jar:2.6.8-SNAPSHOT:compile
[INFO] |     \- io.helidon.common:helidon-common-reactive:jar:2.6.8-SNAPSHOT:compile
[INFO] |        \- io.helidon.common:helidon-common-mapper:jar:2.6.8-SNAPSHOT:compile
[INFO] +- io.helidon.microprofile.tracing:helidon-microprofile-tracing:jar:2.6.8-SNAPSHOT:compile
[INFO] |  +- io.helidon.tracing:helidon-tracing-jersey:jar:2.6.8-SNAPSHOT:compile
[INFO] |  |  \- io.helidon.tracing:helidon-tracing-jersey-client:jar:2.6.8-SNAPSHOT:compile
[INFO] |  +- io.helidon.jersey:helidon-jersey-common:jar:2.6.8-SNAPSHOT:compile
[INFO] |  +- org.eclipse.microprofile.opentracing:microprofile-opentracing-api:jar:1.3.3:compile
[INFO] |  +- io.helidon.tracing:helidon-tracing-tracer-resolver:jar:2.6.8-SNAPSHOT:compile
[INFO] |  |  \- io.opentracing.contrib:opentracing-tracerresolver:jar:0.1.8:compile
[INFO] |  \- org.eclipse.microprofile.rest.client:microprofile-rest-client-api:jar:2.0:compile
[INFO] +- io.helidon.tracing:helidon-tracing-zipkin:jar:2.6.8-SNAPSHOT:compile
[INFO] |  +- io.helidon.common:helidon-common:jar:2.6.8-SNAPSHOT:compile
[INFO] |  +- io.helidon.config:helidon-config:jar:2.6.8-SNAPSHOT:compile
[INFO] |  |  +- jakarta.annotation:jakarta.annotation-api:jar:1.3.5:compile
[INFO] |  |  \- io.helidon.common:helidon-common-media-type:jar:2.6.8-SNAPSHOT:compile
[INFO] |  +- io.helidon.tracing:helidon-tracing:jar:2.6.8-SNAPSHOT:compile
[INFO] |  +- io.opentracing:opentracing-util:jar:0.33.0:compile
[INFO] |  |  +- io.opentracing:opentracing-api:jar:0.33.0:compile
[INFO] |  |  \- io.opentracing:opentracing-noop:jar:0.33.0:compile
[INFO] |  +- io.zipkin.reporter2:zipkin-sender-urlconnection:jar:2.12.0:compile
[INFO] |  |  +- io.zipkin.reporter2:zipkin-reporter:jar:2.12.0:compile
[INFO] |  |  \- io.zipkin.zipkin2:zipkin:jar:2.12.5:compile
[INFO] |  \- io.opentracing.brave:brave-opentracing:jar:1.0.0:compile
[INFO] |     \- io.zipkin.brave:brave:jar:5.13.3:compile
[INFO] |        \- io.zipkin.reporter2:zipkin-reporter-brave:jar:2.16.3:compile
[INFO] +- com.datastax.cassandra:cassandra-driver-core:jar:3.10.2:compile
[INFO] |  +- io.netty:netty-handler:jar:4.1.108.Final:compile
[INFO] |  |  +- io.netty:netty-common:jar:4.1.108.Final:compile
[INFO] |  |  +- io.netty:netty-resolver:jar:4.1.108.Final:compile
[INFO] |  |  +- io.netty:netty-buffer:jar:4.1.108.Final:compile
[INFO] |  |  +- io.netty:netty-transport:jar:4.1.108.Final:compile
[INFO] |  |  +- io.netty:netty-transport-native-unix-common:jar:4.1.108.Final:compile
[INFO] |  |  \- io.netty:netty-codec:jar:4.1.108.Final:compile
[INFO] |  +- com.google.guava:guava:jar:32.0.1-jre:compile
[INFO] |  |  +- com.google.guava:failureaccess:jar:1.0.1:compile
[INFO] |  |  +- com.google.guava:listenablefuture:jar:9999.0-empty-to-avoid-conflict-with-guava:compile
[INFO] |  |  +- com.google.code.findbugs:jsr305:jar:3.0.2:compile
[INFO] |  |  +- org.checkerframework:checker-qual:jar:3.33.0:compile
[INFO] |  |  +- com.google.errorprone:error_prone_annotations:jar:2.3.3:compile
[INFO] |  |  \- com.google.j2objc:j2objc-annotations:jar:2.8:compile
[INFO] |  +- org.slf4j:slf4j-api:jar:2.0.9:compile
[INFO] |  +- com.github.jnr:jnr-ffi:jar:2.1.7:compile
[INFO] |  |  +- com.github.jnr:jffi:jar:1.2.16:compile
[INFO] |  |  +- com.github.jnr:jffi:jar:native:1.2.16:runtime
[INFO] |  |  +- org.ow2.asm:asm:jar:5.0.3:compile
[INFO] |  |  +- org.ow2.asm:asm-commons:jar:5.0.3:compile
[INFO] |  |  +- org.ow2.asm:asm-analysis:jar:5.0.3:compile
[INFO] |  |  +- org.ow2.asm:asm-tree:jar:5.0.3:compile
[INFO] |  |  +- org.ow2.asm:asm-util:jar:5.0.3:compile
[INFO] |  |  \- com.github.jnr:jnr-x86asm:jar:1.0.2:compile
[INFO] |  +- com.github.jnr:jnr-posix:jar:3.0.44:compile
[INFO] |  |  \- com.github.jnr:jnr-constants:jar:0.9.9:compile
[INFO] |  \- com.fasterxml.jackson.core:jackson-databind:jar:2.15.2:compile
[INFO] |     \- com.fasterxml.jackson.core:jackson-annotations:jar:2.15.2:compile
[INFO] +- org.junit.jupiter:junit-jupiter-api:jar:5.7.0:test
[INFO] |  +- org.apiguardian:apiguardian-api:jar:1.1.0:test
[INFO] |  +- org.opentest4j:opentest4j:jar:1.2.0:test
[INFO] |  \- org.junit.platform:junit-platform-commons:jar:1.7.0:test
[INFO] +- io.helidon.microprofile.tests:helidon-microprofile-tests-junit5:jar:2.6.8-SNAPSHOT:test
[INFO] |  +- io.helidon.jersey:helidon-jersey-client:jar:2.6.8-SNAPSHOT:compile
[INFO] |  |  +- org.glassfish.jersey.core:jersey-client:jar:2.41:compile
[INFO] |  |  |  \- org.glassfish.jersey.core:jersey-common:jar:2.41:compile
[INFO] |  |  |     \- org.glassfish.hk2:osgi-resource-locator:jar:1.0.3:compile
[INFO] |  |  +- org.glassfish.jersey.inject:jersey-hk2:jar:2.41:compile
[INFO] |  |  |  +- org.glassfish.hk2:hk2-locator:jar:2.6.1:compile
[INFO] |  |  |  |  +- org.glassfish.hk2.external:aopalliance-repackaged:jar:2.6.1:compile
[INFO] |  |  |  |  +- org.glassfish.hk2:hk2-api:jar:2.6.1:compile
[INFO] |  |  |  |  \- org.glassfish.hk2:hk2-utils:jar:2.6.1:compile
[INFO] |  |  |  \- org.javassist:javassist:jar:3.29.2-GA:compile
[INFO] |  |  +- jakarta.xml.bind:jakarta.xml.bind-api:jar:2.3.3:compile
[INFO] |  |  |  \- jakarta.activation:jakarta.activation-api:jar:1.2.2:compile
[INFO] |  |  \- jakarta.inject:jakarta.inject-api:jar:1.0:compile
[INFO] |  \- io.helidon.config:helidon-config-yaml-mp:jar:2.6.8-SNAPSHOT:compile
[INFO] +- org.cassandraunit:cassandra-unit:jar:4.3.1.0:test
[INFO] |  +- junit:junit:jar:4.12:test
[INFO] |  +- org.apache.cassandra:cassandra-all:jar:3.11.5:test
[INFO] |  |  +- org.xerial.snappy:snappy-java:jar:1.1.1.7:test
[INFO] |  |  +- net.jpountz.lz4:lz4:jar:1.3.0:test
[INFO] |  |  +- com.ning:compress-lzf:jar:0.8.4:test
[INFO] |  |  +- commons-cli:commons-cli:jar:1.1:test
[INFO] |  |  +- commons-codec:commons-codec:jar:1.15:test
[INFO] |  |  +- org.apache.commons:commons-lang3:jar:3.1:test
[INFO] |  |  +- org.apache.commons:commons-math3:jar:3.2:test
[INFO] |  |  +- com.googlecode.concurrentlinkedhashmap:concurrentlinkedhashmap-lru:jar:1.4:test
[INFO] |  |  +- org.antlr:antlr:jar:3.5.2:test
[INFO] |  |  |  \- org.antlr:ST4:jar:4.0.8:test
[INFO] |  |  +- org.antlr:antlr-runtime:jar:3.5.2:test
[INFO] |  |  +- org.slf4j:jcl-over-slf4j:jar:1.7.7:test
[INFO] |  |  +- org.codehaus.jackson:jackson-core-asl:jar:1.9.2:test
[INFO] |  |  +- org.codehaus.jackson:jackson-mapper-asl:jar:1.9.2:test
[INFO] |  |  +- com.googlecode.json-simple:json-simple:jar:1.1:test
[INFO] |  |  +- com.boundary:high-scale-lib:jar:1.0.6:test
[INFO] |  |  +- org.yaml:snakeyaml:jar:1.32:test
[INFO] |  |  +- org.mindrot:jbcrypt:jar:0.3m:test
[INFO] |  |  +- io.airlift:airline:jar:0.6:test
[INFO] |  |  |  \- javax.inject:javax.inject:jar:1:test
[INFO] |  |  +- io.dropwizard.metrics:metrics-jvm:jar:3.1.5:test
[INFO] |  |  +- com.addthis.metrics:reporter-config3:jar:3.0.3:test
[INFO] |  |  |  +- com.addthis.metrics:reporter-config-base:jar:3.0.3:test
[INFO] |  |  |  \- org.hibernate:hibernate-validator:jar:4.3.0.Final:test
[INFO] |  |  |     \- javax.validation:validation-api:jar:1.0.0.GA:test
[INFO] |  |  +- com.thinkaurelius.thrift:thrift-server:jar:0.3.7:test
[INFO] |  |  |  \- com.lmax:disruptor:jar:3.0.1:test
[INFO] |  |  +- com.clearspring.analytics:stream:jar:2.5.2:test
[INFO] |  |  |  \- it.unimi.dsi:fastutil:jar:6.5.7:test
[INFO] |  |  +- ch.qos.logback:logback-core:jar:1.4.14:test
[INFO] |  |  +- ch.qos.logback:logback-classic:jar:1.4.14:test
[INFO] |  |  +- org.apache.cassandra:cassandra-thrift:jar:3.11.5:test
[INFO] |  |  |  +- com.carrotsearch:hppc:jar:0.5.4:test
[INFO] |  |  |  +- de.jflex:jflex:jar:1.6.0:test
[INFO] |  |  |  |  \- org.apache.ant:ant:jar:1.7.0:test
[INFO] |  |  |  |     \- org.apache.ant:ant-launcher:jar:1.7.0:test
[INFO] |  |  |  +- com.github.rholder:snowball-stemmer:jar:1.3.0.581.1:test
[INFO] |  |  |  \- com.googlecode.concurrent-trees:concurrent-trees:jar:2.4.0:test
[INFO] |  |  +- com.github.jbellis:jamm:jar:0.3.0:test
[INFO] |  |  +- joda-time:joda-time:jar:2.4:test
[INFO] |  |  +- org.fusesource:sigar:jar:1.6.4:test
[INFO] |  |  +- org.eclipse.jdt.core.compiler:ecj:jar:4.4.2:test
[INFO] |  |  +- org.caffinitas.ohc:ohc-core:jar:0.4.4:test
[INFO] |  |  +- org.caffinitas.ohc:ohc-core-j8:jar:0.4.4:test
[INFO] |  |  +- com.github.ben-manes.caffeine:caffeine:jar:2.2.6:test
[INFO] |  |  \- org.jctools:jctools-core:jar:1.2.1:test
[INFO] |  +- org.apache.thrift:libthrift:jar:0.12.0:test
[INFO] |  |  \- org.apache.httpcomponents:httpclient:jar:4.5.6:test
[INFO] |  |     \- commons-logging:commons-logging:jar:1.2:test
[INFO] |  +- net.java.dev.jna:jna:jar:4.1.0:test
[INFO] |  +- org.hamcrest:hamcrest-core:jar:1.3:test
[INFO] |  \- org.hamcrest:hamcrest-library:jar:1.3:test
[INFO] +- com.datastax.oss:java-driver-core:jar:4.9.0:test
[INFO] |  +- com.datastax.oss:native-protocol:jar:1.4.11:test
[INFO] |  +- com.datastax.oss:java-driver-shaded-guava:jar:25.1-jre-graal-sub-1:test
[INFO] |  +- com.typesafe:config:jar:1.4.2:test
[INFO] |  +- io.dropwizard.metrics:metrics-core:jar:4.1.2:test
[INFO] |  +- org.hdrhistogram:HdrHistogram:jar:2.1.11:test
[INFO] |  +- com.esri.geometry:esri-geometry-api:jar:1.2.1:test
[INFO] |  |  \- org.json:json:jar:20090211:test
[INFO] |  +- org.apache.tinkerpop:gremlin-core:jar:3.4.8:test
[INFO] |  |  +- org.apache.tinkerpop:gremlin-shaded:jar:3.4.8:test
[INFO] |  |  +- commons-configuration:commons-configuration:jar:1.10:test
[INFO] |  |  |  \- commons-lang:commons-lang:jar:2.6:test
[INFO] |  |  +- commons-collections:commons-collections:jar:3.2.2:test
[INFO] |  |  +- org.javatuples:javatuples:jar:1.2:test
[INFO] |  |  \- com.squareup:javapoet:jar:1.8.0:test
[INFO] |  +- org.apache.tinkerpop:tinkergraph-gremlin:jar:3.4.8:test
[INFO] |  +- com.fasterxml.jackson.core:jackson-core:jar:2.15.2:compile
[INFO] |  +- org.reactivestreams:reactive-streams:jar:1.0.4:test
[INFO] |  +- com.github.stephenc.jcip:jcip-annotations:jar:1.0-1:test
[INFO] |  \- com.github.spotbugs:spotbugs-annotations:jar:4.7.3:test
[INFO] +- com.datastax.oss:java-driver-query-builder:jar:4.9.0:test
[INFO] \- com.codahale.metrics:metrics-core:jar:3.0.2:test
[INFO] ------------------------------------------------------------------------
[INFO] BUILD SUCCESS
[INFO] ------------------------------------------------------------------------
[INFO] Total time:  2.609 s
[INFO] Finished at: 2024-04-11T13:38:00-07:00
[INFO] ------------------------------------------------------------------------
